
> faculti_wise@0.1.0 build
> next build

▲ Next.js 16.2.4 (Turbopack)
- Environments: .env.local
- Cache Components enabled
- Experiments (use with caution):
  ✓ instantNavigationDevToolsToggle

  Creating an optimized production build ...

> Build error occurred
Error: Turbopack build failed with 18 errors:
./features/audit/audit.service.ts:85:1
Merge conflict marker encountered.
  [90m83 |[0m [90m   */[0m
  [90m84 |[0m   [36masync[0m fetchLogs(maxCount: number = [35m100[0m): [33mPromise[0m<[33mAuditLog[0m[]> {
[31m[1m>[0m [90m85 |[0m <<<<<<< [33mHEAD[0m
  [90m   |[0m [31m[1m^^^^^^^[0m
  [90m86 |[0m     [36mconst[0m db = getDb();
  [90m87 |[0m     [36mif[0m (!db) {
  [90m88 |[0m       [36mthrow[0m [36mnew[0m [33mError[0m([32m"Firestore not initialized"[0m);

Parsing ecmascript source code failed

Import traces:
  Client Component Browser:
    ./features/audit/audit.service.ts [Client Component Browser]
    ./features/audit/AuditLogsView.tsx [Client Component Browser]
    ./features/audit/AuditLogsView.tsx [Server Component]
    ./app/(dashboard)/audit/page.tsx [Server Component]

  Client Component SSR:
    ./features/audit/audit.service.ts [Client Component SSR]
    ./features/audit/AuditLogsView.tsx [Client Component SSR]
    ./features/audit/AuditLogsView.tsx [Server Component]
    ./app/(dashboard)/audit/page.tsx [Server Component]


./features/audit/audit.service.ts:89:1
Merge conflict marker encountered.
  [90m87 |[0m     [36mif[0m (!db) {
  [90m88 |[0m       [36mthrow[0m [36mnew[0m [33mError[0m([32m"Firestore not initialized"[0m);
[31m[1m>[0m [90m89 |[0m =======
  [90m   |[0m [31m[1m^^^^^^^[0m
  [90m90 |[0m     [36mif[0m (!db) {
  [90m91 |[0m       [36mreturn[0m mockData.auditLogs.slice([35m0[0m, maxCount).map(log => ({
  [90m92 |[0m         id: log.id,

Parsing ecmascript source code failed

Import traces:
  Client Component Browser:
    ./features/audit/audit.service.ts [Client Component Browser]
    ./features/audit/AuditLogsView.tsx [Client Component Browser]
    ./features/audit/AuditLogsView.tsx [Server Component]
    ./app/(dashboard)/audit/page.tsx [Server Component]

  Client Component SSR:
    ./features/audit/audit.service.ts [Client Component SSR]
    ./features/audit/AuditLogsView.tsx [Client Component SSR]
    ./features/audit/AuditLogsView.tsx [Server Component]
    ./app/(dashboard)/audit/page.tsx [Server Component]


./features/audit/audit.service.ts:102:1
Merge conflict marker encountered.
  [90m100 |[0m         details: log.details || log.metadata || {}
  [90m101 |[0m       } [36mas[0m [33mAuditLog[0m));
[31m[1m>[0m [90m102 |[0m >>>>>>> d279c6b22e891e35ff1eb2a9f7485651b038782e
  [90m    |[0m [31m[1m^^^^^^^[0m
  [90m103 |[0m     }
  [90m104 |[0m
  [90m105 |[0m     [36mconst[0m logsRef = collection(db, [32m"audit_logs"[0m);

Parsing ecmascript source code failed

Import traces:
  Client Component Browser:
    ./features/audit/audit.service.ts [Client Component Browser]
    ./features/audit/AuditLogsView.tsx [Client Component Browser]
    ./features/audit/AuditLogsView.tsx [Server Component]
    ./app/(dashboard)/audit/page.tsx [Server Component]

  Client Component SSR:
    ./features/audit/audit.service.ts [Client Component SSR]
    ./features/audit/AuditLogsView.tsx [Client Component SSR]
    ./features/audit/AuditLogsView.tsx [Server Component]
    ./app/(dashboard)/audit/page.tsx [Server Component]


./features/user-management/user-management.service.ts:45:1
Merge conflict marker encountered.
  [90m43 |[0m [36mexport[0m [36mconst[0m userManagementService = {
  [90m44 |[0m   [36masync[0m fetchUsers(): [33mPromise[0m<[33mUser[0m[]> {
[31m[1m>[0m [90m45 |[0m <<<<<<< [33mHEAD[0m
  [90m   |[0m [31m[1m^^^^^^^[0m
  [90m46 |[0m     [36mconst[0m db = getDb();
  [90m47 |[0m     [36mif[0m (!db) {
  [90m48 |[0m       [36mthrow[0m [36mnew[0m [33mError[0m([32m"Firestore not initialized"[0m);

Parsing ecmascript source code failed

Import traces:
  Client Component Browser:
    ./features/user-management/user-management.service.ts [Client Component Browser]
    ./features/user-management/UserManagementView.tsx [Client Component Browser]
    ./features/user-management/UserManagementView.tsx [Server Component]
    ./app/(dashboard)/users/page.tsx [Server Component]

  Client Component SSR:
    ./features/user-management/user-management.service.ts [Client Component SSR]
    ./features/user-management/UserManagementView.tsx [Client Component SSR]
    ./features/user-management/UserManagementView.tsx [Server Component]
    ./app/(dashboard)/users/page.tsx [Server Component]


./features/user-management/user-management.service.ts:50:1
Merge conflict marker encountered.
  [90m48 |[0m       [36mthrow[0m [36mnew[0m [33mError[0m([32m"Firestore not initialized"[0m);
  [90m49 |[0m     }
[31m[1m>[0m [90m50 |[0m =======
  [90m   |[0m [31m[1m^^^^^^^[0m
  [90m51 |[0m     [36mif[0m (!db) {
  [90m52 |[0m       [36mreturn[0m mockData.users.map(u => ({
  [90m53 |[0m         ...u,

Parsing ecmascript source code failed

Import traces:
  Client Component Browser:
    ./features/user-management/user-management.service.ts [Client Component Browser]
    ./features/user-management/UserManagementView.tsx [Client Component Browser]
    ./features/user-management/UserManagementView.tsx [Server Component]
    ./app/(dashboard)/users/page.tsx [Server Component]

  Client Component SSR:
    ./features/user-management/user-management.service.ts [Client Component SSR]
    ./features/user-management/UserManagementView.tsx [Client Component SSR]
    ./features/user-management/UserManagementView.tsx [Server Component]
    ./app/(dashboard)/users/page.tsx [Server Component]


./features/user-management/user-management.service.ts:59:1
Merge conflict marker encountered.
  [90m57 |[0m     }
  [90m58 |[0m
[31m[1m>[0m [90m59 |[0m >>>>>>> d279c6b22e891e35ff1eb2a9f7485651b038782e
  [90m   |[0m [31m[1m^^^^^^^[0m
  [90m60 |[0m     [36mconst[0m usersRef = collection(db, [32m"users"[0m);
  [90m61 |[0m     [36mconst[0m q = query(usersRef, orderBy([32m"createdAt"[0m, [32m"desc"[0m));
  [90m62 |[0m     [36mconst[0m querySnapshot = [36mawait[0m getDocs(q);

Parsing ecmascript source code failed

Import traces:
  Client Component Browser:
    ./features/user-management/user-management.service.ts [Client Component Browser]
    ./features/user-management/UserManagementView.tsx [Client Component Browser]
    ./features/user-management/UserManagementView.tsx [Server Component]
    ./app/(dashboard)/users/page.tsx [Server Component]

  Client Component SSR:
    ./features/user-management/user-management.service.ts [Client Component SSR]
    ./features/user-management/UserManagementView.tsx [Client Component SSR]
    ./features/user-management/UserManagementView.tsx [Server Component]
    ./app/(dashboard)/users/page.tsx [Server Component]


./features/user-management/user-management.service.ts:76:1
Merge conflict marker encountered.
  [90m74 |[0m
  [90m75 |[0m   subscribeUsers(onUpdate: (users: [33mUser[0m[]) => [36mvoid[0m): () => [36mvoid[0m {
[31m[1m>[0m [90m76 |[0m <<<<<<< [33mHEAD[0m
  [90m   |[0m [31m[1m^^^^^^^[0m
  [90m77 |[0m     [36mconst[0m db = getDb();
  [90m78 |[0m     [36mif[0m (!db) {
  [90m79 |[0m       [36mthrow[0m [36mnew[0m [33mError[0m([32m"Firestore not initialized"[0m);

Parsing ecmascript source code failed

Import traces:
  Client Component Browser:
    ./features/user-management/user-management.service.ts [Client Component Browser]
    ./features/user-management/UserManagementView.tsx [Client Component Browser]
    ./features/user-management/UserManagementView.tsx [Server Component]
    ./app/(dashboard)/users/page.tsx [Server Component]

  Client Component SSR:
    ./features/user-management/user-management.service.ts [Client Component SSR]
    ./features/user-management/UserManagementView.tsx [Client Component SSR]
    ./features/user-management/UserManagementView.tsx [Server Component]
    ./app/(dashboard)/users/page.tsx [Server Component]


./features/user-management/user-management.service.ts:81:1
Merge conflict marker encountered.
  [90m79 |[0m       [36mthrow[0m [36mnew[0m [33mError[0m([32m"Firestore not initialized"[0m);
  [90m80 |[0m     }
[31m[1m>[0m [90m81 |[0m =======
  [90m   |[0m [31m[1m^^^^^^^[0m
  [90m82 |[0m     [36mif[0m (!db) {
  [90m83 |[0m       [36mconst[0m triggerUpdate = () => {
  [90m84 |[0m         [36mconst[0m users = mockData.users.map(u => ({

Parsing ecmascript source code failed

Import traces:
  Client Component Browser:
    ./features/user-management/user-management.service.ts [Client Component Browser]
    ./features/user-management/UserManagementView.tsx [Client Component Browser]
    ./features/user-management/UserManagementView.tsx [Server Component]
    ./app/(dashboard)/users/page.tsx [Server Component]

  Client Component SSR:
    ./features/user-management/user-management.service.ts [Client Component SSR]
    ./features/user-management/UserManagementView.tsx [Client Component SSR]
    ./features/user-management/UserManagementView.tsx [Server Component]
    ./app/(dashboard)/users/page.tsx [Server Component]


./features/user-management/user-management.service.ts:97:1
Merge conflict marker encountered.
  [90m 95 |[0m     }
  [90m 96 |[0m
[31m[1m>[0m [90m 97 |[0m >>>>>>> d279c6b22e891e35ff1eb2a9f7485651b038782e
  [90m    |[0m [31m[1m^^^^^^^[0m
  [90m 98 |[0m     [36mconst[0m usersRef = collection(db, [32m"users"[0m);
  [90m 99 |[0m     [36mconst[0m q = query(usersRef, orderBy([32m"createdAt"[0m, [32m"desc"[0m));
  [90m100 |[0m

Parsing ecmascript source code failed

Import traces:
  Client Component Browser:
    ./features/user-management/user-management.service.ts [Client Component Browser]
    ./features/user-management/UserManagementView.tsx [Client Component Browser]
    ./features/user-management/UserManagementView.tsx [Server Component]
    ./app/(dashboard)/users/page.tsx [Server Component]

  Client Component SSR:
    ./features/user-management/user-management.service.ts [Client Component SSR]
    ./features/user-management/UserManagementView.tsx [Client Component SSR]
    ./features/user-management/UserManagementView.tsx [Server Component]
    ./app/(dashboard)/users/page.tsx [Server Component]


./features/user-management/user-management.service.ts:224:1
Merge conflict marker encountered.
  [90m222 |[0m
  [90m223 |[0m   [36masync[0m deleteUser(userId: string, performingUser?: [33mUser[0m): [33mPromise[0m<[36mvo..[0m.
[31m[1m>[0m [90m224 |[0m <<<<<<< [33mHEAD[0m
  [90m    |[0m [31m[1m^^^^^^^[0m
  [90m225 |[0m     [90m// Note: This only deletes from Firestore. [0m
  [90m226 |[0m     [90m// Deleting from Auth requires Admin SDK or the user being logged...[0m
  [90m227 |[0m     [90m// For now, we'll mark as inactive or delete from Firestore.[0m

Parsing ecmascript source code failed

Import traces:
  Client Component Browser:
    ./features/user-management/user-management.service.ts [Client Component Browser]
    ./features/user-management/UserManagementView.tsx [Client Component Browser]
    ./features/user-management/UserManagementView.tsx [Server Component]
    ./app/(dashboard)/users/page.tsx [Server Component]

  Client Component SSR:
    ./features/user-management/user-management.service.ts [Client Component SSR]
    ./features/user-management/UserManagementView.tsx [Client Component SSR]
    ./features/user-management/UserManagementView.tsx [Server Component]
    ./app/(dashboard)/users/page.tsx [Server Component]


./features/user-management/user-management.service.ts:232:1
Merge conflict marker encountered.
  [90m230 |[0m       [36mthrow[0m [36mnew[0m [33mError[0m([32m"Firestore not initialized"[0m);
  [90m231 |[0m     }
[31m[1m>[0m [90m232 |[0m =======
  [90m    |[0m [31m[1m^^^^^^^[0m
  [90m233 |[0m     [36mif[0m (!db) {
  [90m234 |[0m       [36mconst[0m idx = mockData.users.findIndex(u => u.id === userId);
  [90m235 |[0m       [36mif[0m (idx !== -[35m1[0m) {

Parsing ecmascript source code failed

Import traces:
  Client Component Browser:
    ./features/user-management/user-management.service.ts [Client Component Browser]
    ./features/user-management/UserManagementView.tsx [Client Component Browser]
    ./features/user-management/UserManagementView.tsx [Server Component]
    ./app/(dashboard)/users/page.tsx [Server Component]

  Client Component SSR:
    ./features/user-management/user-management.service.ts [Client Component SSR]
    ./features/user-management/UserManagementView.tsx [Client Component SSR]
    ./features/user-management/UserManagementView.tsx [Server Component]
    ./app/(dashboard)/users/page.tsx [Server Component]


./features/user-management/user-management.service.ts:250:1
Merge conflict marker encountered.
  [90m248 |[0m     }
  [90m249 |[0m
[31m[1m>[0m [90m250 |[0m >>>>>>> d279c6b22e891e35ff1eb2a9f7485651b038782e
  [90m    |[0m [31m[1m^^^^^^^[0m
  [90m251 |[0m     [36mawait[0m deleteDoc(doc(db, [32m"users"[0m, userId));
  [90m252 |[0m
  [90m253 |[0m     [36mif[0m (performingUser) {

Parsing ecmascript source code failed

Import traces:
  Client Component Browser:
    ./features/user-management/user-management.service.ts [Client Component Browser]
    ./features/user-management/UserManagementView.tsx [Client Component Browser]
    ./features/user-management/UserManagementView.tsx [Server Component]
    ./app/(dashboard)/users/page.tsx [Server Component]

  Client Component SSR:
    ./features/user-management/user-management.service.ts [Client Component SSR]
    ./features/user-management/UserManagementView.tsx [Client Component SSR]
    ./features/user-management/UserManagementView.tsx [Server Component]
    ./app/(dashboard)/users/page.tsx [Server Component]


./features/user-management/user-management.service.ts:265:1
Merge conflict marker encountered.
  [90m263 |[0m
  [90m264 |[0m   [36masync[0m updateUserStatus(userId: string, status: [32m'active'[0m | [32m'inactive.[0m..
[31m[1m>[0m [90m265 |[0m <<<<<<< [33mHEAD[0m
  [90m    |[0m [31m[1m^^^^^^^[0m
  [90m266 |[0m     [36mconst[0m db = getDb();
  [90m267 |[0m     [36mif[0m (!db) {
  [90m268 |[0m       [36mthrow[0m [36mnew[0m [33mError[0m([32m"Firestore not initialized"[0m);

Parsing ecmascript source code failed

Import traces:
  Client Component Browser:
    ./features/user-management/user-management.service.ts [Client Component Browser]
    ./features/user-management/UserManagementView.tsx [Client Component Browser]
    ./features/user-management/UserManagementView.tsx [Server Component]
    ./app/(dashboard)/users/page.tsx [Server Component]

  Client Component SSR:
    ./features/user-management/user-management.service.ts [Client Component SSR]
    ./features/user-management/UserManagementView.tsx [Client Component SSR]
    ./features/user-management/UserManagementView.tsx [Server Component]
    ./app/(dashboard)/users/page.tsx [Server Component]


./features/user-management/user-management.service.ts:270:1
Merge conflict marker encountered.
  [90m268 |[0m       [36mthrow[0m [36mnew[0m [33mError[0m([32m"Firestore not initialized"[0m);
  [90m269 |[0m     }
[31m[1m>[0m [90m270 |[0m =======
  [90m    |[0m [31m[1m^^^^^^^[0m
  [90m271 |[0m     [36mif[0m (!db) {
  [90m272 |[0m       [36mconst[0m u = mockData.users.find(x => x.id === userId);
  [90m273 |[0m       [36mif[0m (u) {

Parsing ecmascript source code failed

Import traces:
  Client Component Browser:
    ./features/user-management/user-management.service.ts [Client Component Browser]
    ./features/user-management/UserManagementView.tsx [Client Component Browser]
    ./features/user-management/UserManagementView.tsx [Server Component]
    ./app/(dashboard)/users/page.tsx [Server Component]

  Client Component SSR:
    ./features/user-management/user-management.service.ts [Client Component SSR]
    ./features/user-management/UserManagementView.tsx [Client Component SSR]
    ./features/user-management/UserManagementView.tsx [Server Component]
    ./app/(dashboard)/users/page.tsx [Server Component]


./features/user-management/user-management.service.ts:289:1
Merge conflict marker encountered.
  [90m287 |[0m     }
  [90m288 |[0m
[31m[1m>[0m [90m289 |[0m >>>>>>> d279c6b22e891e35ff1eb2a9f7485651b038782e
  [90m    |[0m [31m[1m^^^^^^^[0m
  [90m290 |[0m     [36mawait[0m updateDoc(doc(db, [32m"users"[0m, userId), {
  [90m291 |[0m       status,
  [90m292 |[0m       updatedAt: serverTimestamp(),

Parsing ecmascript source code failed

Import traces:
  Client Component Browser:
    ./features/user-management/user-management.service.ts [Client Component Browser]
    ./features/user-management/UserManagementView.tsx [Client Component Browser]
    ./features/user-management/UserManagementView.tsx [Server Component]
    ./app/(dashboard)/users/page.tsx [Server Component]

  Client Component SSR:
    ./features/user-management/user-management.service.ts [Client Component SSR]
    ./features/user-management/UserManagementView.tsx [Client Component SSR]
    ./features/user-management/UserManagementView.tsx [Server Component]
    ./app/(dashboard)/users/page.tsx [Server Component]


./features/user-management/user-management.service.ts:307:1
Merge conflict marker encountered.
  [90m305 |[0m
  [90m306 |[0m   [36masync[0m updateUserRole(userId: string, role: [32m'admin'[0m | [32m'teacher'[0m | [32m's...[0m
[31m[1m>[0m [90m307 |[0m <<<<<<< [33mHEAD[0m
  [90m    |[0m [31m[1m^^^^^^^[0m
  [90m308 |[0m     [36mconst[0m db = getDb();
  [90m309 |[0m     [36mif[0m (!db) {
  [90m310 |[0m       [36mthrow[0m [36mnew[0m [33mError[0m([32m"Firestore not initialized"[0m);

Parsing ecmascript source code failed

Import traces:
  Client Component Browser:
    ./features/user-management/user-management.service.ts [Client Component Browser]
    ./features/user-management/UserManagementView.tsx [Client Component Browser]
    ./features/user-management/UserManagementView.tsx [Server Component]
    ./app/(dashboard)/users/page.tsx [Server Component]

  Client Component SSR:
    ./features/user-management/user-management.service.ts [Client Component SSR]
    ./features/user-management/UserManagementView.tsx [Client Component SSR]
    ./features/user-management/UserManagementView.tsx [Server Component]
    ./app/(dashboard)/users/page.tsx [Server Component]


./features/user-management/user-management.service.ts:312:1
Merge conflict marker encountered.
  [90m310 |[0m       [36mthrow[0m [36mnew[0m [33mError[0m([32m"Firestore not initialized"[0m);
  [90m311 |[0m     }
[31m[1m>[0m [90m312 |[0m =======
  [90m    |[0m [31m[1m^^^^^^^[0m
  [90m313 |[0m     [36mif[0m (!db) {
  [90m314 |[0m       [36mconst[0m u = mockData.users.find(x => x.id === userId);
  [90m315 |[0m       [36mif[0m (u) {

Parsing ecmascript source code failed

Import traces:
  Client Component Browser:
    ./features/user-management/user-management.service.ts [Client Component Browser]
    ./features/user-management/UserManagementView.tsx [Client Component Browser]
    ./features/user-management/UserManagementView.tsx [Server Component]
    ./app/(dashboard)/users/page.tsx [Server Component]

  Client Component SSR:
    ./features/user-management/user-management.service.ts [Client Component SSR]
    ./features/user-management/UserManagementView.tsx [Client Component SSR]
    ./features/user-management/UserManagementView.tsx [Server Component]
    ./app/(dashboard)/users/page.tsx [Server Component]


./features/user-management/user-management.service.ts:331:1
Merge conflict marker encountered.
  [90m329 |[0m     }
  [90m330 |[0m
[31m[1m>[0m [90m331 |[0m >>>>>>> d279c6b22e891e35ff1eb2a9f7485651b038782e
  [90m    |[0m [31m[1m^^^^^^^[0m
  [90m332 |[0m     [36mawait[0m updateDoc(doc(db, [32m"users"[0m, userId), {
  [90m333 |[0m       role,
  [90m334 |[0m       updatedAt: serverTimestamp(),

Parsing ecmascript source code failed

Import traces:
  Client Component Browser:
    ./features/user-management/user-management.service.ts [Client Component Browser]
    ./features/user-management/UserManagementView.tsx [Client Component Browser]
    ./features/user-management/UserManagementView.tsx [Server Component]
    ./app/(dashboard)/users/page.tsx [Server Component]

  Client Component SSR:
    ./features/user-management/user-management.service.ts [Client Component SSR]
    ./features/user-management/UserManagementView.tsx [Client Component SSR]
    ./features/user-management/UserManagementView.tsx [Server Component]
    ./app/(dashboard)/users/page.tsx [Server Component]


    at <unknown> (./features/audit/audit.service.ts:85:1)
    at <unknown> (./features/audit/audit.service.ts:89:1)
    at <unknown> (./features/audit/audit.service.ts:102:1)
    at <unknown> (./features/user-management/user-management.service.ts:45:1)
    at <unknown> (./features/user-management/user-management.service.ts:50:1)
    at <unknown> (./features/user-management/user-management.service.ts:59:1)
    at <unknown> (./features/user-management/user-management.service.ts:76:1)
    at <unknown> (./features/user-management/user-management.service.ts:81:1)
    at <unknown> (./features/user-management/user-management.service.ts:97:1)
    at <unknown> (./features/user-management/user-management.service.ts:224:1)
    at <unknown> (./features/user-management/user-management.service.ts:232:1)
    at <unknown> (./features/user-management/user-management.service.ts:250:1)
    at <unknown> (./features/user-management/user-management.service.ts:265:1)
    at <unknown> (./features/user-management/user-management.service.ts:270:1)
    at <unknown> (./features/user-management/user-management.service.ts:289:1)
    at <unknown> (./features/user-management/user-management.service.ts:307:1)
    at <unknown> (./features/user-management/user-management.service.ts:312:1)
    at <unknown> (./features/user-management/user-management.service.ts:331:1)
